C:\Users\krzych129\source\repos\AngularKajke\AngularKajke\dist\out-tsc\src\app\shared\directives\auto-resize-text-area.directive.js
C:\Users\krzych129\source\repos\AngularKajke\AngularKajke\dist\out-tsc\src\app\shared\directives\auto-resize-text-area.directive.js.map
C:\Users\krzych129\source\repos\AngularKajke\AngularKajke\dist\out-tsc\src\app\shared\pipes\enum-list.pipe.js
C:\Users\krzych129\source\repos\AngularKajke\AngularKajke\dist\out-tsc\src\app\shared\pipes\enum-list.pipe.js.map
C:\Users\krzych129\source\repos\AngularKajke\AngularKajke\dist\out-tsc\src\app\shared\components\loader\loader.component.js
C:\Users\krzych129\source\repos\AngularKajke\AngularKajke\dist\out-tsc\src\app\shared\components\loader\loader.component.js.map
C:\Users\krzych129\source\repos\AngularKajke\AngularKajke\dist\out-tsc\src\app\shared\directives\password-match-validator.directive.js
C:\Users\krzych129\source\repos\AngularKajke\AngularKajke\dist\out-tsc\src\app\shared\directives\password-match-validator.directive.js.map
C:\Users\krzych129\source\repos\AngularKajke\AngularKajke\dist\out-tsc\src\app\shared\components\doughnut-chart\doughnut-chart.component.js
C:\Users\krzych129\source\repos\AngularKajke\AngularKajke\dist\out-tsc\src\app\shared\components\doughnut-chart\doughnut-chart.component.js.map
C:\Users\krzych129\source\repos\AngularKajke\AngularKajke\dist\out-tsc\src\app\shared\components\page-viewer\page-viewer.component.js
C:\Users\krzych129\source\repos\AngularKajke\AngularKajke\dist\out-tsc\src\app\shared\components\page-viewer\page-viewer.component.js.map
C:\Users\krzych129\source\repos\AngularKajke\AngularKajke\dist\out-tsc\src\app\shared\components\page-not-found\page-not-found.component.js
C:\Users\krzych129\source\repos\AngularKajke\AngularKajke\dist\out-tsc\src\app\shared\components\page-not-found\page-not-found.component.js.map
C:\Users\krzych129\source\repos\AngularKajke\AngularKajke\dist\out-tsc\src\app\shared\shared.module.js
C:\Users\krzych129\source\repos\AngularKajke\AngularKajke\dist\out-tsc\src\app\shared\shared.module.js.map
C:\Users\krzych129\source\repos\AngularKajke\AngularKajke\dist\out-tsc\src\app\shared\services\base.service.js
C:\Users\krzych129\source\repos\AngularKajke\AngularKajke\dist\out-tsc\src\app\shared\services\base.service.js.map
C:\Users\krzych129\source\repos\AngularKajke\AngularKajke\dist\out-tsc\src\app\shared\utilities\config.service.js
C:\Users\krzych129\source\repos\AngularKajke\AngularKajke\dist\out-tsc\src\app\shared\utilities\config.service.js.map
C:\Users\krzych129\source\repos\AngularKajke\AngularKajke\dist\out-tsc\src\app\shared\services\user.service.js
C:\Users\krzych129\source\repos\AngularKajke\AngularKajke\dist\out-tsc\src\app\shared\services\user.service.js.map
C:\Users\krzych129\source\repos\AngularKajke\AngularKajke\dist\out-tsc\src\app\user-panel\user-panel.service.js
C:\Users\krzych129\source\repos\AngularKajke\AngularKajke\dist\out-tsc\src\app\user-panel\user-panel.service.js.map
C:\Users\krzych129\source\repos\AngularKajke\AngularKajke\dist\out-tsc\src\app\user-panel\root\root.component.js
C:\Users\krzych129\source\repos\AngularKajke\AngularKajke\dist\out-tsc\src\app\user-panel\root\root.component.js.map
C:\Users\krzych129\source\repos\AngularKajke\AngularKajke\dist\out-tsc\src\app\shared\validators\validations-options.js
C:\Users\krzych129\source\repos\AngularKajke\AngularKajke\dist\out-tsc\src\app\shared\validators\validations-options.js.map
C:\Users\krzych129\source\repos\AngularKajke\AngularKajke\dist\out-tsc\src\app\user-panel\change-password\change-password.component.js
C:\Users\krzych129\source\repos\AngularKajke\AngularKajke\dist\out-tsc\src\app\user-panel\change-password\change-password.component.js.map
C:\Users\krzych129\source\repos\AngularKajke\AngularKajke\dist\out-tsc\src\app\user-panel\confirm-email-change\confirm-email-change.component.js
C:\Users\krzych129\source\repos\AngularKajke\AngularKajke\dist\out-tsc\src\app\user-panel\confirm-email-change\confirm-email-change.component.js.map
C:\Users\krzych129\source\repos\AngularKajke\AngularKajke\dist\out-tsc\src\app\user-panel\change-email\change-email.component.js
C:\Users\krzych129\source\repos\AngularKajke\AngularKajke\dist\out-tsc\src\app\user-panel\change-email\change-email.component.js.map
C:\Users\krzych129\source\repos\AngularKajke\AngularKajke\dist\out-tsc\src\app\user-panel\delete-account\delete-account.component.js
C:\Users\krzych129\source\repos\AngularKajke\AngularKajke\dist\out-tsc\src\app\user-panel\delete-account\delete-account.component.js.map
C:\Users\krzych129\source\repos\AngularKajke\AngularKajke\dist\out-tsc\src\app\user-panel\home\home.component.js
C:\Users\krzych129\source\repos\AngularKajke\AngularKajke\dist\out-tsc\src\app\user-panel\home\home.component.js.map
C:\Users\krzych129\source\repos\AngularKajke\AngularKajke\dist\out-tsc\src\app\auth.guard.js
C:\Users\krzych129\source\repos\AngularKajke\AngularKajke\dist\out-tsc\src\app\auth.guard.js.map
C:\Users\krzych129\source\repos\AngularKajke\AngularKajke\dist\out-tsc\src\app\user-panel\user-panel.routing.js
C:\Users\krzych129\source\repos\AngularKajke\AngularKajke\dist\out-tsc\src\app\user-panel\user-panel.routing.js.map
C:\Users\krzych129\source\repos\AngularKajke\AngularKajke\dist\out-tsc\src\app\user-panel\user-panel.module.js
C:\Users\krzych129\source\repos\AngularKajke\AngularKajke\dist\out-tsc\src\app\user-panel\user-panel.module.js.map
C:\Users\krzych129\source\repos\AngularKajke\AngularKajke\dist\out-tsc\src\app\shared\Models\answer-type.enum.js
C:\Users\krzych129\source\repos\AngularKajke\AngularKajke\dist\out-tsc\src\app\shared\Models\answer-type.enum.js.map
C:\Users\krzych129\source\repos\AngularKajke\AngularKajke\dist\out-tsc\src\app\shared\Models\answer-provided.js
C:\Users\krzych129\source\repos\AngularKajke\AngularKajke\dist\out-tsc\src\app\shared\Models\answer-provided.js.map
C:\Users\krzych129\source\repos\AngularKajke\AngularKajke\dist\out-tsc\src\app\shared\Models\question.js
C:\Users\krzych129\source\repos\AngularKajke\AngularKajke\dist\out-tsc\src\app\shared\Models\question.js.map
C:\Users\krzych129\source\repos\AngularKajke\AngularKajke\dist\out-tsc\src\app\shared\classes\skip-property.js
C:\Users\krzych129\source\repos\AngularKajke\AngularKajke\dist\out-tsc\src\app\shared\classes\skip-property.js.map
C:\Users\krzych129\source\repos\AngularKajke\AngularKajke\dist\out-tsc\src\app\shared\Models\survey.js
C:\Users\krzych129\source\repos\AngularKajke\AngularKajke\dist\out-tsc\src\app\shared\Models\survey.js.map
C:\Users\krzych129\source\repos\AngularKajke\AngularKajke\dist\out-tsc\src\app\shared\Models\survey-results.js
C:\Users\krzych129\source\repos\AngularKajke\AngularKajke\dist\out-tsc\src\app\shared\Models\survey-results.js.map
C:\Users\krzych129\source\repos\AngularKajke\AngularKajke\dist\out-tsc\src\app\shared\services\survey.service.js
C:\Users\krzych129\source\repos\AngularKajke\AngularKajke\dist\out-tsc\src\app\shared\services\survey.service.js.map
C:\Users\krzych129\source\repos\AngularKajke\AngularKajke\dist\out-tsc\src\app\external-module\new-fill-survey\new-fill-survey.component.js
C:\Users\krzych129\source\repos\AngularKajke\AngularKajke\dist\out-tsc\src\app\external-module\new-fill-survey\new-fill-survey.component.js.map
C:\Users\krzych129\source\repos\AngularKajke\AngularKajke\dist\out-tsc\src\app\external-module\survey-was-completed\survey-was-completed.component.js
C:\Users\krzych129\source\repos\AngularKajke\AngularKajke\dist\out-tsc\src\app\external-module\survey-was-completed\survey-was-completed.component.js.map
C:\Users\krzych129\source\repos\AngularKajke\AngularKajke\dist\out-tsc\src\app\external-module\external.routing.js
C:\Users\krzych129\source\repos\AngularKajke\AngularKajke\dist\out-tsc\src\app\external-module\external.routing.js.map
C:\Users\krzych129\source\repos\AngularKajke\AngularKajke\dist\out-tsc\src\app\external-module\external.module.js
C:\Users\krzych129\source\repos\AngularKajke\AngularKajke\dist\out-tsc\src\app\external-module\external.module.js.map
C:\Users\krzych129\source\repos\AngularKajke\AngularKajke\dist\out-tsc\src\app\footer\footer.component.js
C:\Users\krzych129\source\repos\AngularKajke\AngularKajke\dist\out-tsc\src\app\footer\footer.component.js.map
C:\Users\krzych129\source\repos\AngularKajke\AngularKajke\dist\out-tsc\src\app\shared\classes\method-handler.js
C:\Users\krzych129\source\repos\AngularKajke\AngularKajke\dist\out-tsc\src\app\shared\classes\method-handler.js.map
C:\Users\krzych129\source\repos\AngularKajke\AngularKajke\dist\out-tsc\src\app\user-module\manage-survey\manage-survey.component.js
C:\Users\krzych129\source\repos\AngularKajke\AngularKajke\dist\out-tsc\src\app\user-module\manage-survey\manage-survey.component.js.map
C:\Users\krzych129\source\repos\AngularKajke\AngularKajke\dist\out-tsc\src\app\shared\services\component-loader.service.js
C:\Users\krzych129\source\repos\AngularKajke\AngularKajke\dist\out-tsc\src\app\shared\services\component-loader.service.js.map
C:\Users\krzych129\source\repos\AngularKajke\AngularKajke\dist\out-tsc\src\app\user-module\root\root.component.js
C:\Users\krzych129\source\repos\AngularKajke\AngularKajke\dist\out-tsc\src\app\user-module\root\root.component.js.map
C:\Users\krzych129\source\repos\AngularKajke\AngularKajke\dist\out-tsc\src\app\user-module\home\home.component.js
C:\Users\krzych129\source\repos\AngularKajke\AngularKajke\dist\out-tsc\src\app\user-module\home\home.component.js.map
C:\Users\krzych129\source\repos\AngularKajke\AngularKajke\dist\out-tsc\src\app\user-module\create-new-survey\create-new-survey.component.js
C:\Users\krzych129\source\repos\AngularKajke\AngularKajke\dist\out-tsc\src\app\user-module\create-new-survey\create-new-survey.component.js.map
C:\Users\krzych129\source\repos\AngularKajke\AngularKajke\dist\out-tsc\src\app\shared\services\excel-service.service.js
C:\Users\krzych129\source\repos\AngularKajke\AngularKajke\dist\out-tsc\src\app\shared\services\excel-service.service.js.map
C:\Users\krzych129\source\repos\AngularKajke\AngularKajke\dist\out-tsc\src\app\user-module\generate-survey-report\generate-survey-report.component.js
C:\Users\krzych129\source\repos\AngularKajke\AngularKajke\dist\out-tsc\src\app\user-module\generate-survey-report\generate-survey-report.component.js.map
C:\Users\krzych129\source\repos\AngularKajke\AngularKajke\dist\out-tsc\src\app\user-module\survey-results\survey-results.component.js
C:\Users\krzych129\source\repos\AngularKajke\AngularKajke\dist\out-tsc\src\app\user-module\survey-results\survey-results.component.js.map
C:\Users\krzych129\source\repos\AngularKajke\AngularKajke\dist\out-tsc\src\app\user-module\edit-survey\edit-survey.component.js
C:\Users\krzych129\source\repos\AngularKajke\AngularKajke\dist\out-tsc\src\app\user-module\edit-survey\edit-survey.component.js.map
C:\Users\krzych129\source\repos\AngularKajke\AngularKajke\dist\out-tsc\src\app\user-module\user-surveys\user-surveys.component.js
C:\Users\krzych129\source\repos\AngularKajke\AngularKajke\dist\out-tsc\src\app\user-module\user-surveys\user-surveys.component.js.map
C:\Users\krzych129\source\repos\AngularKajke\AngularKajke\dist\out-tsc\src\app\user-module\user.routing.js
C:\Users\krzych129\source\repos\AngularKajke\AngularKajke\dist\out-tsc\src\app\user-module\user.routing.js.map
C:\Users\krzych129\source\repos\AngularKajke\AngularKajke\dist\out-tsc\src\app\user-module\send-email-invites\send-email-invites.component.js
C:\Users\krzych129\source\repos\AngularKajke\AngularKajke\dist\out-tsc\src\app\user-module\send-email-invites\send-email-invites.component.js.map
C:\Users\krzych129\source\repos\AngularKajke\AngularKajke\dist\out-tsc\src\app\user-module\show-results\show-results.component.js
C:\Users\krzych129\source\repos\AngularKajke\AngularKajke\dist\out-tsc\src\app\user-module\show-results\show-results.component.js.map
C:\Users\krzych129\source\repos\AngularKajke\AngularKajke\dist\out-tsc\src\app\user-module\user.module.js
C:\Users\krzych129\source\repos\AngularKajke\AngularKajke\dist\out-tsc\src\app\user-module\user.module.js.map
C:\Users\krzych129\source\repos\AngularKajke\AngularKajke\dist\out-tsc\src\app\app.component.js
C:\Users\krzych129\source\repos\AngularKajke\AngularKajke\dist\out-tsc\src\app\app.component.js.map
C:\Users\krzych129\source\repos\AngularKajke\AngularKajke\dist\out-tsc\src\app\shared\Models\reset.password.js
C:\Users\krzych129\source\repos\AngularKajke\AngularKajke\dist\out-tsc\src\app\shared\Models\reset.password.js.map
C:\Users\krzych129\source\repos\AngularKajke\AngularKajke\dist\out-tsc\src\app\account-module\reset-password-form\reset-password-form.component.js
C:\Users\krzych129\source\repos\AngularKajke\AngularKajke\dist\out-tsc\src\app\account-module\reset-password-form\reset-password-form.component.js.map
C:\Users\krzych129\source\repos\AngularKajke\AngularKajke\dist\out-tsc\src\app\account-module\forgot-password-form\forgot-password-form.component.js
C:\Users\krzych129\source\repos\AngularKajke\AngularKajke\dist\out-tsc\src\app\account-module\forgot-password-form\forgot-password-form.component.js.map
C:\Users\krzych129\source\repos\AngularKajke\AngularKajke\dist\out-tsc\src\app\account-module\send-confirmation-link-form\send-confirmation-link-form.component.js
C:\Users\krzych129\source\repos\AngularKajke\AngularKajke\dist\out-tsc\src\app\account-module\send-confirmation-link-form\send-confirmation-link-form.component.js.map
C:\Users\krzych129\source\repos\AngularKajke\AngularKajke\dist\out-tsc\src\app\account-module\confirm-email\confirm-email.component.js
C:\Users\krzych129\source\repos\AngularKajke\AngularKajke\dist\out-tsc\src\app\account-module\confirm-email\confirm-email.component.js.map
C:\Users\krzych129\source\repos\AngularKajke\AngularKajke\dist\out-tsc\src\app\shared\Models\credentials.js
C:\Users\krzych129\source\repos\AngularKajke\AngularKajke\dist\out-tsc\src\app\shared\Models\credentials.js.map
C:\Users\krzych129\source\repos\AngularKajke\AngularKajke\dist\out-tsc\src\app\account-module\register-form\register-form.component.js
C:\Users\krzych129\source\repos\AngularKajke\AngularKajke\dist\out-tsc\src\app\account-module\register-form\register-form.component.js.map
C:\Users\krzych129\source\repos\AngularKajke\AngularKajke\dist\out-tsc\src\app\account-module\login-form\login-form.component.js
C:\Users\krzych129\source\repos\AngularKajke\AngularKajke\dist\out-tsc\src\app\account-module\login-form\login-form.component.js.map
C:\Users\krzych129\source\repos\AngularKajke\AngularKajke\dist\out-tsc\src\app\account-module\account.routing.js
C:\Users\krzych129\source\repos\AngularKajke\AngularKajke\dist\out-tsc\src\app\account-module\account.routing.js.map
C:\Users\krzych129\source\repos\AngularKajke\AngularKajke\dist\out-tsc\src\app\account-module\account.module.js
C:\Users\krzych129\source\repos\AngularKajke\AngularKajke\dist\out-tsc\src\app\account-module\account.module.js.map
C:\Users\krzych129\source\repos\AngularKajke\AngularKajke\dist\out-tsc\src\app\home\home.component.js
C:\Users\krzych129\source\repos\AngularKajke\AngularKajke\dist\out-tsc\src\app\home\home.component.js.map
C:\Users\krzych129\source\repos\AngularKajke\AngularKajke\dist\out-tsc\src\app\error-page\error-page.component.js
C:\Users\krzych129\source\repos\AngularKajke\AngularKajke\dist\out-tsc\src\app\error-page\error-page.component.js.map
C:\Users\krzych129\source\repos\AngularKajke\AngularKajke\dist\out-tsc\src\app\app.routing.js
C:\Users\krzych129\source\repos\AngularKajke\AngularKajke\dist\out-tsc\src\app\app.routing.js.map
C:\Users\krzych129\source\repos\AngularKajke\AngularKajke\dist\out-tsc\src\app\header\header.component.js
C:\Users\krzych129\source\repos\AngularKajke\AngularKajke\dist\out-tsc\src\app\header\header.component.js.map
C:\Users\krzych129\source\repos\AngularKajke\AngularKajke\dist\out-tsc\src\app\shared\extensions\array-extensions.js
C:\Users\krzych129\source\repos\AngularKajke\AngularKajke\dist\out-tsc\src\app\shared\extensions\array-extensions.js.map
C:\Users\krzych129\source\repos\AngularKajke\AngularKajke\dist\out-tsc\src\app\shared\classes\authorization-interceptor.js
C:\Users\krzych129\source\repos\AngularKajke\AngularKajke\dist\out-tsc\src\app\shared\classes\authorization-interceptor.js.map
C:\Users\krzych129\source\repos\AngularKajke\AngularKajke\dist\out-tsc\src\app\shared\classes\error-interceptor.js
C:\Users\krzych129\source\repos\AngularKajke\AngularKajke\dist\out-tsc\src\app\shared\classes\error-interceptor.js.map
C:\Users\krzych129\source\repos\AngularKajke\AngularKajke\dist\out-tsc\src\app\app.module.js
C:\Users\krzych129\source\repos\AngularKajke\AngularKajke\dist\out-tsc\src\app\app.module.js.map
C:\Users\krzych129\source\repos\AngularKajke\AngularKajke\dist\out-tsc\src\environments\environment.js
C:\Users\krzych129\source\repos\AngularKajke\AngularKajke\dist\out-tsc\src\environments\environment.js.map
C:\Users\krzych129\source\repos\AngularKajke\AngularKajke\dist\out-tsc\src\main.js
C:\Users\krzych129\source\repos\AngularKajke\AngularKajke\dist\out-tsc\src\main.js.map
C:\Users\krzych129\source\repos\AngularKajke\AngularKajke\dist\out-tsc\src\polyfills.js
C:\Users\krzych129\source\repos\AngularKajke\AngularKajke\dist\out-tsc\src\polyfills.js.map
C:\Users\krzych129\source\repos\AngularKajke\AngularKajke\dist\out-tsc\src\test.js
C:\Users\krzych129\source\repos\AngularKajke\AngularKajke\dist\out-tsc\src\test.js.map
C:\Users\krzych129\source\repos\AngularKajke\AngularKajke\dist\out-tsc\e2e\src\app.po.js
C:\Users\krzych129\source\repos\AngularKajke\AngularKajke\dist\out-tsc\e2e\src\app.po.js.map
C:\Users\krzych129\source\repos\AngularKajke\AngularKajke\dist\out-tsc\e2e\src\app.e2e-spec.js
C:\Users\krzych129\source\repos\AngularKajke\AngularKajke\dist\out-tsc\e2e\src\app.e2e-spec.js.map
C:\Users\krzych129\source\repos\AngularKajke\AngularKajke\dist\out-tsc\src\environments\environment.prod.js
C:\Users\krzych129\source\repos\AngularKajke\AngularKajke\dist\out-tsc\src\environments\environment.prod.js.map
C:\Users\krzych129\source\repos\AngularKajke\AngularKajke\dist\out-tsc\src\app\shared\classes\ids-generator.js
C:\Users\krzych129\source\repos\AngularKajke\AngularKajke\dist\out-tsc\src\app\shared\classes\ids-generator.js.map
C:\Users\krzych129\source\repos\AngularKajke\AngularKajke\dist\out-tsc\src\app\shared\interfaces\validator.js
C:\Users\krzych129\source\repos\AngularKajke\AngularKajke\dist\out-tsc\src\app\shared\interfaces\validator.js.map
C:\Users\krzych129\source\repos\AngularKajke\AngularKajke\dist\out-tsc\src\app\shared\Models\answer.js
C:\Users\krzych129\source\repos\AngularKajke\AngularKajke\dist\out-tsc\src\app\shared\Models\answer.js.map
C:\Users\krzych129\source\repos\AngularKajke\AngularKajke\dist\out-tsc\src\app\shared\validators\custom.validator.js
C:\Users\krzych129\source\repos\AngularKajke\AngularKajke\dist\out-tsc\src\app\shared\validators\custom.validator.js.map
C:\Users\krzych129\source\repos\AngularKajke\AngularKajke\dist\out-tsc\src\app\shared\validators\max-length.validator.js
C:\Users\krzych129\source\repos\AngularKajke\AngularKajke\dist\out-tsc\src\app\shared\validators\max-length.validator.js.map
C:\Users\krzych129\source\repos\AngularKajke\AngularKajke\dist\out-tsc\src\app\shared\validators\required.validator.js
C:\Users\krzych129\source\repos\AngularKajke\AngularKajke\dist\out-tsc\src\app\shared\validators\required.validator.js.map
C:\Users\krzych129\source\repos\AngularKajke\AngularKajke\dist\out-tsc\src\app\shared\validators\validator-messages.js
C:\Users\krzych129\source\repos\AngularKajke\AngularKajke\dist\out-tsc\src\app\shared\validators\validator-messages.js.map
